<!DOCTYPE html PUBLIC "-//W3C//DTD HTML 4.01 Transitional//EN" "http://www.w3.org/TR/html4/loose.dtd">
<!-- saved from url=(0026)http://www.dbplanview.com/ -->
<html><head><meta http-equiv="Content-Type" content="text/html; charset=ISO-8859-1">
    <title>Query Plan Visualizer</title>
    <link rel="stylesheet" href="./Query Plan Visualizer_files/planview.css" type="text/css" media="all">
    <link rel="stylesheet" href="./Query Plan Visualizer_files/jquery-ui.css" type="text/css" media="all">
    <script type="text/javascript" src="./Query Plan Visualizer_files/jquery.js"></script>
    <script type="text/javascript" src="./Query Plan Visualizer_files/jquery-ui.js"></script>
    <script type="text/javascript" src="./Query Plan Visualizer_files/jquery.svg.js"></script>
    <script type="text/javascript" src="./Query Plan Visualizer_files/jquery.tooltip.js"></script>
    <script type="text/javascript" src="./Query Plan Visualizer_files/planview.js"></script>
    <script type="text/javascript">
      <!--
      $(document).ready(function()
      {
        $('#input-txt').tooltip();

        $('#demo-btn').tooltip().click(function() {
          $('#input-txt').load('/test/data/plan1.txt');
        });

        $('#timeline-btn').tooltip().click(function() {
          try {
            planview.renderReport(
              $("#input-txt").val(),
              $("#output-area").show().empty());
          } catch (e) {
            $('#output-area').hide();
            alert("Query plan parsing failed: '" + e + "'.");
          }
        });
      });
      -->
    </script>
  </head>
  <body>
    <h2>PostgreSQL query plan visualizer</h2>
    <p>Display the timeline of a query execution.</p>
    <p>This is a client-side tool: no data is sent to the server.</p>

    <textarea id="input-txt" cols="120" rows="15">Subquery Scan "*SELECT*"  (cost=3998159.58..4017423.33 rows=19757 width=1688) (actual time=2252714.704..2291343.377 rows=9629 loops=1)
  -&gt;  GroupAggregate  (cost=3998159.58..4012977.85 rows=19757 width=85) (actual time=2252714.678..2290892.551 rows=9629 loops=1)
        -&gt;  Sort  (cost=3998159.58..3998653.52 rows=19757 width=85) (actual time=2252684.805..2284428.488 rows=158017 loops=1)
              Sort Key: e.event_date, e.home_id, a.kudos_from, a.kudos_to, a.system, a.username, t.ccy_code
              Sort Method:  external merge  Disk: 171328kB
              -&gt;  Hash Join  (cost=218982.50..3971323.65 rows=19757 width=85) (actual time=159931.273..2203014.755 rows=158017 loops=1)
                    Hash Cond: (t.account_id = a.id)
                    -&gt;  Hash Join  (cost=218671.23..3968048.72 rows=19757 width=59) (actual time=159926.340..2200570.261 rows=158017 loops=1)
                          Hash Cond: (t.group_id = g.id)
                          -&gt;  Hash Join  (cost=939.39..3716182.31 rows=19757 width=52) (actual time=3364.245..1968620.673 rows=158017 loops=1)
                                Hash Cond: (t.team_event_id = e.id)
                                -&gt;  Seq Scan on tickets t  (cost=0.00..3653847.12 rows=679086 width=44) (actual time=652.717..1951066.096 rows=2189306 loops=1)
                                      Filter: (is_settled AND ((status)::text = 'done'::text))
                                -&gt;  Hash  (cost=874.00..874.00 rows=5231 width=16) (actual time=1068.332..1068.332 rows=6603 loops=1)
                                      -&gt;  Index Scan using ifbevent_x4 on team_event e  (cost=0.00..874.00 rows=5231 width=16) (actual time=136.018..1063.224 rows=6603 loops=1)
                                            Index Cond: ((event_date &gt;= '2010-01-16 00:00:00'::timestamp without time zone) AND (event_date &lt;= '2010-02-15 00:00:00'::timestamp without time zone))
                          -&gt;  Hash  (cost=123143.04..123143.04 rows=5441504 width=15) (actual time=149712.458..149712.458 rows=5441504 loops=1)
                                -&gt;  Seq Scan on groups g  (cost=0.00..123143.04 rows=5441504 width=15) (actual time=0.018..144001.818 rows=5441504 loops=1)
                    -&gt;  Hash  (cost=285.01..285.01 rows=2101 width=34) (actual time=4.912..4.912 rows=2101 loops=1)
                          -&gt;  Seq Scan on accounts a  (cost=0.00..285.01 rows=2101 width=34) (actual time=0.012..3.144 rows=2101 loops=1)
                                Filter: (kudos_to IS NOT NULL)

</textarea>
    <br>
    <button id="timeline-btn" value="Timeline">Timeline</button>
    <div id="output-area" style="display: block;"><h3>planned</h3><div class="bar-chart" style="height: 260px;"><div class="svg hasSVG" style="width: 1887px; height: 260px;"><svg version="1.1" width="1887" height="260"><rect x="20" y="2" width="1678.0277761766272" height="16" fill="#44F" stroke="navy" stroke-width="1" class="undefined-7"></rect><rect x="20" y="22" width="2" height="16" fill="#44F" stroke="navy" stroke-width="1" class="undefined-9"></rect><rect x="20.40138413792703" y="42" width="2" height="16" fill="#44F" stroke="navy" stroke-width="1" class="undefined-8"></rect><rect x="20.431414468337845" y="62" width="1706.2237718921197" height="16" fill="#44F" stroke="navy" stroke-width="1" class="undefined-6"></rect><rect x="20" y="82" width="56.553390105393746" height="16" fill="#44F" stroke="navy" stroke-width="1" class="undefined-11"></rect><rect x="76.55339010539375" y="102" width="2" height="16" fill="#44F" stroke="navy" stroke-width="1" class="undefined-10"></rect><rect x="120.4246717883226" y="122" width="1721.9000590236528" height="16" fill="#44F" stroke="navy" stroke-width="1" class="undefined-5"></rect><rect x="20" y="142" width="2" height="16" fill="#44F" stroke="navy" stroke-width="1" class="undefined-13"></rect><rect x="20.130890724428586" y="162" width="2" height="16" fill="#44F" stroke="navy" stroke-width="1" class="undefined-12"></rect><rect x="120.56762240687242" y="182" width="1723.2611186508939" height="16" fill="#44F" stroke="navy" stroke-width="1" class="undefined-4"></rect><rect x="1856.1531307929154" y="202" width="2" height="16" fill="#44F" stroke="navy" stroke-width="1" class="undefined-3"></rect><rect x="1856.1531307929154" y="222" width="6.805284358718609" height="16" fill="#44F" stroke="navy" stroke-width="1" class="undefined-2"></rect><rect x="1856.1531307929154" y="242" width="8.846869207084637" height="16" fill="#44F" stroke="navy" stroke-width="1" class="undefined-1"></rect><path d="M22,30C62,30 -19.59861586207297,50 20.40138413792703,48" fill="none" stroke="#c00" stroke-width="3"></path><path d="M20,10C60,10 -19.568585531662155,70 20.431414468337845,68" fill="none" stroke="#0c0" stroke-width="3"></path><path d="M22.40138413792703,50C62.40138413792703,50 -19.568585531662155,70 20.431414468337845,72" fill="none" stroke="#c00" stroke-width="3"></path><path d="M76.55339010539375,90C116.55339010539375,90 36.553390105393746,110 76.55339010539375,108" fill="none" stroke="#c00" stroke-width="3"></path><path d="M20.431414468337845,70C60.43141446833785,70 80.4246717883226,130 120.4246717883226,128" fill="none" stroke="#0c0" stroke-width="3"></path><path d="M78.55339010539375,110C118.55339010539375,110 80.4246717883226,130 120.4246717883226,132" fill="none" stroke="#c00" stroke-width="3"></path><path d="M22,150C62,150 -19.869109275571414,170 20.130890724428586,168" fill="none" stroke="#c00" stroke-width="3"></path><path d="M120.4246717883226,130C160.4246717883226,130 80.56762240687242,190 120.56762240687242,188" fill="none" stroke="#0c0" stroke-width="3"></path><path d="M22.130890724428586,170C62.13089072442858,170 80.56762240687242,190 120.56762240687242,192" fill="none" stroke="#c00" stroke-width="3"></path><path d="M1843.8287410577664,190C1883.8287410577664,190 1816.1531307929154,210 1856.1531307929154,208" fill="none" stroke="#c00" stroke-width="3"></path><path d="M1856.1531307929154,210C1896.1531307929154,210 1816.1531307929154,230 1856.1531307929154,228" fill="none" stroke="#0c0" stroke-width="3"></path><path d="M1856.1531307929154,230C1896.1531307929154,230 1816.1531307929154,250 1856.1531307929154,248" fill="none" stroke="#0c0" stroke-width="3"></path><text x="40" y="15" font-size="80%" class="undefined-7">Seq Scan on tickets t</text><text x="42" y="35" font-size="80%" class="undefined-9">Index Scan using ifbevent_x4 on team_event e</text><text x="42.40138413792703" y="55" font-size="80%" class="undefined-8">Hash</text><text x="40.43141446833785" y="75" font-size="80%" class="undefined-6">Hash Join</text><text x="96.55339010539375" y="95" font-size="80%" class="undefined-11">Seq Scan on groups g</text><text x="98.55339010539375" y="115" font-size="80%" class="undefined-10">Hash</text><text x="140.4246717883226" y="135" font-size="80%" class="undefined-5">Hash Join</text><text x="42" y="155" font-size="80%" class="undefined-13">Seq Scan on accounts a</text><text x="42.13089072442858" y="175" font-size="80%" class="undefined-12">Hash</text><text x="140.56762240687243" y="195" font-size="80%" class="undefined-4">Hash Join</text><text x="1836.1531307929154" y="215" font-size="80%" class="undefined-3" text-anchor="end">Sort</text><text x="1836.1531307929154" y="235" font-size="80%" class="undefined-2" text-anchor="end">GroupAggregate</text><text x="1836.1531307929154" y="255" font-size="80%" class="undefined-1" text-anchor="end">Subquery Scan "*SELECT*"</text></svg></div></div><div class="tooltip" id="tip-undefined-1"><p><strong>Planned:</strong> cost=3998159.58..4017423.33 rows=19757 width=1688</p><p><strong>Executed:</strong> actual time=2252714.704..2291343.377 <strong class="bad">rows=9629</strong> loops=1</p></div><div class="tooltip" id="tip-undefined-2"><p><strong>Planned:</strong> cost=3998159.58..4012977.85 rows=19757 width=85</p><p><strong>Executed:</strong> actual time=2252714.678..2290892.551 <strong class="bad">rows=9629</strong> loops=1</p></div><div class="tooltip" id="tip-undefined-3"><p><strong>Planned:</strong> cost=3998159.58..3998653.52 rows=19757 width=85</p><p><strong>Executed:</strong> actual time=2252684.805..2284428.488 <strong class="bad">rows=158017</strong> loops=1</p><p><strong>Sort Key:</strong> e.event_date, e.home_id, a.kudos_from, a.kudos_to, a.system, a.username, t.ccy_code</p><p><strong>Sort Method:</strong>  external merge  Disk: 171328kB</p></div><div class="tooltip" id="tip-undefined-4"><p><strong>Planned:</strong> cost=218982.50..3971323.65 rows=19757 width=85</p><p><strong>Executed:</strong> actual time=159931.273..2203014.755 <strong class="bad">rows=158017</strong> loops=1</p><p><strong>Hash Cond:</strong> (t.account_id = a.id)</p></div><div class="tooltip" id="tip-undefined-12"><p><strong>Planned:</strong> cost=285.01..285.01 rows=2101 width=34</p><p><strong>Executed:</strong> actual time=4.912..4.912 rows=2101 loops=1</p></div><div class="tooltip" id="tip-undefined-13"><p><strong>Planned:</strong> cost=0.00..285.01 rows=2101 width=34</p><p><strong>Executed:</strong> actual time=0.012..3.144 rows=2101 loops=1</p><p><strong>Filter:</strong> (kudos_to IS NOT NULL)</p><p></p></div><div class="tooltip" id="tip-undefined-5"><p><strong>Planned:</strong> cost=218671.23..3968048.72 rows=19757 width=59</p><p><strong>Executed:</strong> actual time=159926.340..2200570.261 <strong class="bad">rows=158017</strong> loops=1</p><p><strong>Hash Cond:</strong> (t.group_id = g.id)</p></div><div class="tooltip" id="tip-undefined-10"><p><strong>Planned:</strong> cost=123143.04..123143.04 rows=5441504 width=15</p><p><strong>Executed:</strong> actual time=149712.458..149712.458 rows=5441504 loops=1</p></div><div class="tooltip" id="tip-undefined-11"><p><strong>Planned:</strong> cost=0.00..123143.04 rows=5441504 width=15</p><p><strong>Executed:</strong> actual time=0.018..144001.818 rows=5441504 loops=1</p></div><div class="tooltip" id="tip-undefined-6"><p><strong>Planned:</strong> cost=939.39..3716182.31 rows=19757 width=52</p><p><strong>Executed:</strong> actual time=3364.245..1968620.673 <strong class="bad">rows=158017</strong> loops=1</p><p><strong>Hash Cond:</strong> (t.team_event_id = e.id)</p></div><div class="tooltip" id="tip-undefined-8"><p><strong>Planned:</strong> cost=874.00..874.00 rows=5231 width=16</p><p><strong>Executed:</strong> actual time=1068.332..1068.332 rows=6603 loops=1</p></div><div class="tooltip" id="tip-undefined-9"><p><strong>Planned:</strong> cost=0.00..874.00 rows=5231 width=16</p><p><strong>Executed:</strong> actual time=136.018..1063.224 rows=6603 loops=1</p><p><strong>Index Cond:</strong> ((event_date &gt;= '2010-01-16 00:00:00'::timestamp without time zone) AND (event_date &lt;= '2010-02-15 00:00:00'::timestamp without time zone))</p></div><div class="tooltip" id="tip-undefined-7"><p><strong>Planned:</strong> cost=0.00..3653847.12 rows=679086 width=44</p><p><strong>Executed:</strong> actual time=652.717..1951066.096 <strong class="bad">rows=2189306</strong> loops=1</p><p><strong>Filter:</strong> (is_settled AND ((status)::text = 'done'::text))</p></div><h3>executed</h3><div class="bar-chart" style="height: 260px;"><div class="svg hasSVG" style="width: 1887px; height: 260px;"><svg version="1.1" width="1887" height="260"><rect x="20.525570666137657" y="2" width="1570.481631158419" height="16" fill="#F44" stroke="maroon" stroke-width="1" class="undefined-7"></rect><rect x="20.109522305787518" y="22" width="2" height="16" fill="#44F" stroke="navy" stroke-width="1" class="undefined-9"></rect><rect x="20.860225734730637" y="42" width="2" height="16" fill="#44F" stroke="navy" stroke-width="1" class="undefined-8"></rect><rect x="22.70890521573712" y="62" width="1582.4333210185634" height="16" fill="#F44" stroke="maroon" stroke-width="1" class="undefined-6"></rect><rect x="20.000014493681014" y="82" width="115.9508974808711" height="16" fill="#44F" stroke="navy" stroke-width="1" class="undefined-11"></rect><rect x="140.5491450049043" y="102" width="2" height="16" fill="#44F" stroke="navy" stroke-width="1" class="undefined-10"></rect><rect x="148.773408761772" y="122" width="1643.1356696849195" height="16" fill="#F44" stroke="maroon" stroke-width="1" class="undefined-5"></rect><rect x="20.00000966245401" y="142" width="2" height="16" fill="#44F" stroke="navy" stroke-width="1" class="undefined-13"></rect><rect x="20.003955164507847" y="162" width="2" height="16" fill="#44F" stroke="navy" stroke-width="1" class="undefined-12"></rect><rect x="148.77738083557435" y="182" width="1645.1000151820544" height="16" fill="#F44" stroke="maroon" stroke-width="1" class="undefined-4"></rect><rect x="1833.8719438317519" y="202" width="25.560156423032595" height="16" fill="#F44" stroke="maroon" stroke-width="1" class="undefined-3"></rect><rect x="1833.8959977058034" y="222" width="30.74099516992669" height="16" fill="#F44" stroke="maroon" stroke-width="1" class="undefined-2"></rect><rect x="1833.8960186411207" y="242" width="31.10398135887931" height="16" fill="#F44" stroke="maroon" stroke-width="1" class="undefined-1"></rect><path d="M22.109522305787518,30C62.10952230578752,30 -19.139774265269363,50 20.860225734730637,48" fill="none" stroke="#c00" stroke-width="3"></path><path d="M20.525570666137657,10C60.525570666137654,10 -17.29109478426288,70 22.70890521573712,68" fill="none" stroke="#0c0" stroke-width="3"></path><path d="M22.860225734730637,50C62.86022573473063,50 -17.29109478426288,70 22.70890521573712,72" fill="none" stroke="#c00" stroke-width="3"></path><path d="M135.95091197455213,90C175.95091197455213,90 100.54914500490429,110 140.5491450049043,108" fill="none" stroke="#c00" stroke-width="3"></path><path d="M22.70890521573712,70C62.70890521573712,70 108.773408761772,130 148.773408761772,128" fill="none" stroke="#0c0" stroke-width="3"></path><path d="M142.5491450049043,110C182.5491450049043,110 108.773408761772,130 148.773408761772,132" fill="none" stroke="#c00" stroke-width="3"></path><path d="M22.00000966245401,150C62.000009662454005,150 -19.996044835492153,170 20.003955164507847,168" fill="none" stroke="#c00" stroke-width="3"></path><path d="M148.773408761772,130C188.773408761772,130 108.77738083557435,190 148.77738083557435,188" fill="none" stroke="#0c0" stroke-width="3"></path><path d="M22.003955164507847,170C62.00395516450784,170 108.77738083557435,190 148.77738083557435,192" fill="none" stroke="#c00" stroke-width="3"></path><path d="M1793.8773960176288,190C1833.8773960176288,190 1793.8719438317519,210 1833.8719438317519,208" fill="none" stroke="#c00" stroke-width="3"></path><path d="M1833.8719438317519,210C1873.8719438317519,210 1793.8959977058034,230 1833.8959977058034,228" fill="none" stroke="#0c0" stroke-width="3"></path><path d="M1833.8959977058034,230C1873.8959977058034,230 1793.8960186411207,250 1833.8960186411207,248" fill="none" stroke="#0c0" stroke-width="3"></path><text x="40.525570666137654" y="15" font-size="80%" class="undefined-7">Seq Scan on tickets t</text><text x="42.10952230578752" y="35" font-size="80%" class="undefined-9">Index Scan using ifbevent_x4 on team_event e</text><text x="42.86022573473063" y="55" font-size="80%" class="undefined-8">Hash</text><text x="42.70890521573712" y="75" font-size="80%" class="undefined-6">Hash Join</text><text x="155.95091197455213" y="95" font-size="80%" class="undefined-11">Seq Scan on groups g</text><text x="162.5491450049043" y="115" font-size="80%" class="undefined-10">Hash</text><text x="168.773408761772" y="135" font-size="80%" class="undefined-5">Hash Join</text><text x="42.000009662454005" y="155" font-size="80%" class="undefined-13">Seq Scan on accounts a</text><text x="42.00395516450784" y="175" font-size="80%" class="undefined-12">Hash</text><text x="168.77738083557435" y="195" font-size="80%" class="undefined-4">Hash Join</text><text x="1813.8719438317519" y="215" font-size="80%" class="undefined-3" text-anchor="end">Sort</text><text x="1813.8959977058034" y="235" font-size="80%" class="undefined-2" text-anchor="end">GroupAggregate</text><text x="1813.8960186411207" y="255" font-size="80%" class="undefined-1" text-anchor="end">Subquery Scan "*SELECT*"</text></svg></div></div><div class="tooltip" id="tip-undefined-1"><p><strong>Planned:</strong> cost=3998159.58..4017423.33 rows=19757 width=1688</p><p><strong>Executed:</strong> actual time=2252714.704..2291343.377 <strong class="bad">rows=9629</strong> loops=1</p></div><div class="tooltip" id="tip-undefined-2"><p><strong>Planned:</strong> cost=3998159.58..4012977.85 rows=19757 width=85</p><p><strong>Executed:</strong> actual time=2252714.678..2290892.551 <strong class="bad">rows=9629</strong> loops=1</p></div><div class="tooltip" id="tip-undefined-3"><p><strong>Planned:</strong> cost=3998159.58..3998653.52 rows=19757 width=85</p><p><strong>Executed:</strong> actual time=2252684.805..2284428.488 <strong class="bad">rows=158017</strong> loops=1</p><p><strong>Sort Key:</strong> e.event_date, e.home_id, a.kudos_from, a.kudos_to, a.system, a.username, t.ccy_code</p><p><strong>Sort Method:</strong>  external merge  Disk: 171328kB</p></div><div class="tooltip" id="tip-undefined-4"><p><strong>Planned:</strong> cost=218982.50..3971323.65 rows=19757 width=85</p><p><strong>Executed:</strong> actual time=159931.273..2203014.755 <strong class="bad">rows=158017</strong> loops=1</p><p><strong>Hash Cond:</strong> (t.account_id = a.id)</p></div><div class="tooltip" id="tip-undefined-12"><p><strong>Planned:</strong> cost=285.01..285.01 rows=2101 width=34</p><p><strong>Executed:</strong> actual time=4.912..4.912 rows=2101 loops=1</p></div><div class="tooltip" id="tip-undefined-13"><p><strong>Planned:</strong> cost=0.00..285.01 rows=2101 width=34</p><p><strong>Executed:</strong> actual time=0.012..3.144 rows=2101 loops=1</p><p><strong>Filter:</strong> (kudos_to IS NOT NULL)</p><p></p></div><div class="tooltip" id="tip-undefined-5"><p><strong>Planned:</strong> cost=218671.23..3968048.72 rows=19757 width=59</p><p><strong>Executed:</strong> actual time=159926.340..2200570.261 <strong class="bad">rows=158017</strong> loops=1</p><p><strong>Hash Cond:</strong> (t.group_id = g.id)</p></div><div class="tooltip" id="tip-undefined-10"><p><strong>Planned:</strong> cost=123143.04..123143.04 rows=5441504 width=15</p><p><strong>Executed:</strong> actual time=149712.458..149712.458 rows=5441504 loops=1</p></div><div class="tooltip" id="tip-undefined-11"><p><strong>Planned:</strong> cost=0.00..123143.04 rows=5441504 width=15</p><p><strong>Executed:</strong> actual time=0.018..144001.818 rows=5441504 loops=1</p></div><div class="tooltip" id="tip-undefined-6"><p><strong>Planned:</strong> cost=939.39..3716182.31 rows=19757 width=52</p><p><strong>Executed:</strong> actual time=3364.245..1968620.673 <strong class="bad">rows=158017</strong> loops=1</p><p><strong>Hash Cond:</strong> (t.team_event_id = e.id)</p></div><div class="tooltip" id="tip-undefined-8"><p><strong>Planned:</strong> cost=874.00..874.00 rows=5231 width=16</p><p><strong>Executed:</strong> actual time=1068.332..1068.332 rows=6603 loops=1</p></div><div class="tooltip" id="tip-undefined-9"><p><strong>Planned:</strong> cost=0.00..874.00 rows=5231 width=16</p><p><strong>Executed:</strong> actual time=136.018..1063.224 rows=6603 loops=1</p><p><strong>Index Cond:</strong> ((event_date &gt;= '2010-01-16 00:00:00'::timestamp without time zone) AND (event_date &lt;= '2010-02-15 00:00:00'::timestamp without time zone))</p></div><div class="tooltip" id="tip-undefined-7"><p><strong>Planned:</strong> cost=0.00..3653847.12 rows=679086 width=44</p><p><strong>Executed:</strong> actual time=652.717..1951066.096 <strong class="bad">rows=2189306</strong> loops=1</p><p><strong>Filter:</strong> (is_settled AND ((status)::text = 'done'::text))</p></div></div>

    <div class="copyright">
      <hr>
      <p>© 2010 Daniele Varrazzo</p>
      <p>Please send feedback to <em><span>info</span> at dbplanview<span>.com</span></em></p>
    </div>

<script type="text/javascript">
var gaJsHost = (("https:" == document.location.protocol) ? "https://ssl." : "http://www.");
document.write(unescape("%3Cscript src='" + gaJsHost + "google-analytics.com/ga.js' type='text/javascript'%3E%3C/script%3E"));
</script><script src="./Query Plan Visualizer_files/ga.js" type="text/javascript"></script>
<script type="text/javascript">
try {
var pageTracker = _gat._getTracker("UA-13132058-2");
pageTracker._trackPageview();
} catch(err) {}</script>

  




<div id="tooltip" style="display: none; left: 831px; right: auto; top: 330px;"><h3>Enter the result of an EXPLAIN or EXPLAIN ANALYZE statement.</h3><div class="body" style="display: none;"></div><div class="url" style="display: none;"></div></div></body></html>